[I] ~/v/r/r/a/t/playbook (master ⚡→☡=) ansible-playbook remove-awsecs-stack.yml
 [WARNING]: Host file not found: /etc/ansible/hosts

 [WARNING]: provided hosts list is empty, only localhost is available


PLAY [Provision Stack] *********************************************************************************************************************************************************************************************************************************************************

TASK [tear down old devstack deployment] ***************************************************************************************************************************************************************************************************************************************
ok: [localhost]

TASK [Stop Docker-compose] *****************************************************************************************************************************************************************************************************************************************************
changed: [localhost]

TASK [RM Docker-compose] *******************************************************************************************************************************************************************************************************************************************************
changed: [localhost]

TASK [Dowm Docker-compose] *****************************************************************************************************************************************************************************************************************************************************
changed: [localhost]

TASK [rm volumes] **************************************************************************************************************************************************************************************************************************************************************
changed: [localhost]

TASK [file] ********************************************************************************************************************************************************************************************************************************************************************
changed: [localhost]

TASK [file] ********************************************************************************************************************************************************************************************************************************************************************
changed: [localhost]

TASK [file] ********************************************************************************************************************************************************************************************************************************************************************
changed: [localhost]

PLAY RECAP *********************************************************************************************************************************************************************************************************************************************************************
localhost                  : ok=8    changed=7    unreachable=0    failed=0

[I] ~/v/r/r/a/t/playbook (master ⚡→☡=) docker ps -a
CONTAINER ID        IMAGE               COMMAND             CREATED             STATUS              PORTS               NAMES
[I] ~/v/r/r/a/t/playbook (master ⚡→☡=)
